<?xml version="1.0" encoding="UTF-8"?>
<testsuite xmlns:xsi="http://www.w3.org/2001/XMLSchema-instance" xsi:noNamespaceSchemaLocation="https://maven.apache.org/surefire/maven-surefire-plugin/xsd/surefire-test-report-3.0.xsd" version="3.0" name="suites.TestSuite" time="154.937" tests="4" errors="0" skipped="0" failures="0">
  <properties>
[...]
</properties>
  <testcase name="testPassOnboarding" classname="tests.OnboardingTests" time="52.566">
    <system-out><![CDATA[=== Permission alert found ===
Alert text: Приложение «Белка Кредит» запрашивает разрешение на отправку Вам уведомлений.
Уведомления могут содержать напоминания, звуки и наклейки значков. Их конфигурирование возможно в Настройках.
Buttons raw: [Запретить, Разрешить]
Buttons normalized: [Запретить, Разрешить]
Clicked button: Разрешить
=== Permission alert found ===
Alert text: Разрешить приложению «Белка Кредит» использовать Вашу геопозицию?
Для определения вашего местоположения и предоставления персонализированных уведомлений.
Buttons raw: [Высокоточно: вкл., Однократно, При использовании, Запретить]
Buttons normalized: [Высокоточно: вкл., Однократно, При использовании, Запретить]
Clicked button: При использовании
No more permission alerts.
Creating IOSOnboardingPageObject
]]></system-out>
    <system-err><![CDATA[нояб. 06, 2025 3:34:48 PM io.appium.java_client.remote.AppiumCommandExecutor$1 lambda$0
INFO: Detected dialect: W3C
]]></system-err>
  </testcase>
  <testcase name="testSwipeOnboarding" classname="tests.OnboardingTests" time="28.179">
    <system-out><![CDATA[=== Permission alert found ===
Alert text: Приложение «Белка Кредит» запрашивает разрешение на отправку Вам уведомлений.
Уведомления могут содержать напоминания, звуки и наклейки значков. Их конфигурирование возможно в Настройках.
Buttons raw: [Запретить, Разрешить]
Buttons normalized: [Запретить, Разрешить]
Clicked button: Разрешить
=== Permission alert found ===
Alert text: Разрешить приложению «Белка Кредит» использовать Вашу геопозицию?
Для определения вашего местоположения и предоставления персонализированных уведомлений.
Buttons raw: [Высокоточно: вкл., Однократно, При использовании, Запретить]
Buttons normalized: [Высокоточно: вкл., Однократно, При использовании, Запретить]
Clicked button: При использовании
No more permission alerts.
Creating IOSOnboardingPageObject
]]></system-out>
    <system-err><![CDATA[нояб. 06, 2025 3:35:14 PM io.appium.java_client.remote.AppiumCommandExecutor$1 lambda$0
INFO: Detected dialect: W3C
]]></system-err>
  </testcase>
  <testcase name="testFlowOnboarding" classname="tests.OnboardingTests" time="27.712">
    <system-out><![CDATA[=== Permission alert found ===
Alert text: Приложение «Белка Кредит» запрашивает разрешение на отправку Вам уведомлений.
Уведомления могут содержать напоминания, звуки и наклейки значков. Их конфигурирование возможно в Настройках.
Buttons raw: [Запретить, Разрешить]
Buttons normalized: [Запретить, Разрешить]
Clicked button: Разрешить
=== Permission alert found ===
Alert text: Разрешить приложению «Белка Кредит» использовать Вашу геопозицию?
Для определения вашего местоположения и предоставления персонализированных уведомлений.
Buttons raw: [Высокоточно: вкл., Однократно, При использовании, Запретить]
Buttons normalized: [Высокоточно: вкл., Однократно, При использовании, Запретить]
Clicked button: При использовании
No more permission alerts.
Creating IOSOnboardingPageObject
]]></system-out>
    <system-err><![CDATA[нояб. 06, 2025 3:35:42 PM io.appium.java_client.remote.AppiumCommandExecutor$1 lambda$0
INFO: Detected dialect: W3C
]]></system-err>
  </testcase>
  <testcase name="testRestartApp" classname="tests.OnboardingTests" time="46.444">
    <system-out><![CDATA[=== Permission alert found ===
Alert text: Приложение «Белка Кредит» запрашивает разрешение на отправку Вам уведомлений.
Уведомления могут содержать напоминания, звуки и наклейки значков. Их конфигурирование возможно в Настройках.
Buttons raw: [Запретить, Разрешить]
Buttons normalized: [Запретить, Разрешить]
Clicked button: Разрешить
=== Permission alert found ===
Alert text: Разрешить приложению «Белка Кредит» использовать Вашу геопозицию?
Для определения вашего местоположения и предоставления персонализированных уведомлений.
Buttons raw: [Высокоточно: вкл., Однократно, При использовании, Запретить]
Buttons normalized: [Высокоточно: вкл., Однократно, При использовании, Запретить]
Clicked button: При использовании
No more permission alerts.
Creating IOSOnboardingPageObject
Restarting iOS app...
Hard iOS restart completed
]]></system-out>
    <system-err><![CDATA[нояб. 06, 2025 3:36:10 PM io.appium.java_client.remote.AppiumCommandExecutor$1 lambda$0
INFO: Detected dialect: W3C
]]></system-err>
  </testcase>
</testsuite>