<?xml version="1.0" encoding="UTF-8"?>
<testsuite xmlns:xsi="http://www.w3.org/2001/XMLSchema-instance" xsi:noNamespaceSchemaLocation="https://maven.apache.org/surefire/maven-surefire-plugin/xsd/surefire-test-report-3.0.xsd" version="3.0" name="tests.OnboardingTests" time="85.309" tests="4" errors="0" skipped="0" failures="0">
  <properties>
[...]
</properties>
  <testcase name="testPassOnboarding" classname="tests.OnboardingTests" time="18.337">
    <system-out><![CDATA[Creating AndroidOnboardingPageObject
The screenshot was taken :/Users/petrkuznecov/Desktop/RuMobileTest/onboarding_page_screenshot.png
]]></system-out>
    <system-err><![CDATA[нояб. 23, 2025 5:59:13 PM io.appium.java_client.remote.AppiumCommandExecutor$1 lambda$0
INFO: Detected dialect: W3C
]]></system-err>
  </testcase>
  <testcase name="testSwipeOnboarding" classname="tests.OnboardingTests" time="20.408">
    <system-out><![CDATA[Creating AndroidOnboardingPageObject
The screenshot was taken :/Users/petrkuznecov/Desktop/RuMobileTest/onboarding_page_screenshot.png
]]></system-out>
    <system-err><![CDATA[нояб. 23, 2025 5:59:29 PM io.appium.java_client.remote.AppiumCommandExecutor$1 lambda$0
INFO: Detected dialect: W3C
]]></system-err>
  </testcase>
  <testcase name="testFlowOnboarding" classname="tests.OnboardingTests" time="19.809">
    <system-out><![CDATA[Creating AndroidOnboardingPageObject
The screenshot was taken :/Users/petrkuznecov/Desktop/RuMobileTest/onboarding_page_screenshot.png
]]></system-out>
    <system-err><![CDATA[нояб. 23, 2025 5:59:50 PM io.appium.java_client.remote.AppiumCommandExecutor$1 lambda$0
INFO: Detected dialect: W3C
]]></system-err>
  </testcase>
  <testcase name="testRestartApp" classname="tests.OnboardingTests" time="26.659">
    <system-out><![CDATA[Creating AndroidOnboardingPageObject
The screenshot was taken :/Users/petrkuznecov/Desktop/RuMobileTest/onboarding_page_screenshot.png
]]></system-out>
    <system-err><![CDATA[нояб. 23, 2025 6:00:10 PM io.appium.java_client.remote.AppiumCommandExecutor$1 lambda$0
INFO: Detected dialect: W3C
]]></system-err>
  </testcase>
</testsuite>